<?xml version="1.0" encoding="UTF-8"?>
<!-- Generated by org.testng.reporters.JUnitXMLReporter -->
<testsuite ignored="0" hostname="DESKTOP-1H5GCMD" failures="0" tests="1" name="Test" time="0.157" errors="0" timestamp="2023-07-06T09:32:27 IST">
  <testcase classname="org.pom_TestCases.LoginPageTestCases" name="@BeforeMethod initBrowser" time="0.021">
    <failure type="java.lang.NullPointerException" message="Cannot invoke &amp;quot;org.propertiesUtility.PropertiesGeneric.getPropertiesData(String)&amp;quot; because &amp;quot;this.pro&amp;quot; is null">
      <![CDATA[java.lang.NullPointerException: Cannot invoke "org.propertiesUtility.PropertiesGeneric.getPropertiesData(String)" because "this.pro" is null
at org.pom_TestCases.LoginPageTestCases.initBrowser(LoginPageTestCases.java:22)
at java.base/java.util.ArrayList.forEach(ArrayList.java:1511)
... Removed 31 stack frames]]>
    </failure>
  </testcase> <!-- @BeforeMethod initBrowser -->
  <testcase classname="org.pom_TestCases.LoginPageTestCases" name="@AfterMethod closeBrowser" time="0.0">
    <skipped/>
  </testcase> <!-- @AfterMethod closeBrowser -->
  <testcase classname="org.pom_TestCases.LoginPageTestCases" name="verifyLoginPage" time="0.0">
    <skipped/>
  </testcase> <!-- verifyLoginPage -->
</testsuite> <!-- Test -->
