<?xml version="1.0" encoding="UTF-8"?>
<testng-results ignored="0" total="1" passed="1" failed="0" skipped="0">
  <reporter-output>
  </reporter-output>
  <suite started-at="2023-07-06T21:10:32 IST" name="Suite" finished-at="2023-07-06T21:10:54 IST" duration-ms="22289">
    <groups>
    </groups>
    <test started-at="2023-07-06T21:10:32 IST" name="Test" finished-at="2023-07-06T21:10:54 IST" duration-ms="22289">
      <class name="org.pom_TestCases.LoginPageTestCases">
        <test-method is-config="true" signature="initBrowser()[pri:0, instance:org.pom_TestCases.LoginPageTestCases@71809907]" started-at="2023-07-06T21:10:32 IST" name="initBrowser" finished-at="2023-07-06T21:10:42 IST" duration-ms="10215" status="PASS">
          <reporter-output>
          </reporter-output>
        </test-method> <!-- initBrowser -->
        <test-method signature="verifyLoginPage()[pri:0, instance:org.pom_TestCases.LoginPageTestCases@71809907]" started-at="2023-07-06T21:10:42 IST" name="verifyLoginPage" finished-at="2023-07-06T21:10:54 IST" duration-ms="11977" status="PASS">
          <reporter-output>
          </reporter-output>
        </test-method> <!-- verifyLoginPage -->
        <test-method is-config="true" signature="closeBrowser()[pri:0, instance:org.pom_TestCases.LoginPageTestCases@71809907]" started-at="2023-07-06T21:10:54 IST" name="closeBrowser" finished-at="2023-07-06T21:10:54 IST" duration-ms="0" status="PASS">
          <reporter-output>
          </reporter-output>
        </test-method> <!-- closeBrowser -->
      </class> <!-- org.pom_TestCases.LoginPageTestCases -->
    </test> <!-- Test -->
  </suite> <!-- Suite -->
</testng-results>
